#
# There is insufficient memory for the Java Runtime Environment to continue.
# Native memory allocation (mmap) failed to map 134217728 bytes for G1 virtual space
# Possible reasons:
#   The system is out of physical RAM or swap space
#   The process is running with CompressedOops enabled, and the Java Heap may be blocking the growth of the native heap
# Possible solutions:
#   Reduce memory load on the system
#   Increase physical memory or swap space
#   Check if swap backing store is full
#   Decrease Java heap size (-Xmx/-Xms)
#   Decrease number of Java threads
#   Decrease Java thread stack sizes (-Xss)
#   Set larger code cache with -XX:ReservedCodeCacheSize=
#   JVM is running with Unscaled Compressed Oops mode in which the Java heap is
#     placed in the first 4GB address space. The Java Heap base address is the
#     maximum limit for the native heap growth. Please use -XX:HeapBaseMinAddress
#     to set the Java Heap base and to place the Java Heap above 4GB virtual address.
# This output file may be truncated or incomplete.
#
#  Out of Memory Error (os_windows.cpp:3532), pid=142320, tid=148204
#
# JRE version:  (17.0.2+8) (build )
# Java VM: Java HotSpot(TM) 64-Bit Server VM (17.0.2+8-LTS-86, mixed mode, emulated-client, sharing, tiered, compressed oops, compressed class ptrs, g1 gc, windows-amd64)
# No core dump will be written. Minidumps are not enabled by default on client versions of Windows
#

---------------  S U M M A R Y ------------

Command Line: -Dcom.sun.management.jmxremote -Dcom.sun.management.jmxremote.port=52369 -Dcom.sun.management.jmxremote.authenticate=false -Dcom.sun.management.jmxremote.ssl=false -Djava.rmi.server.hostname=localhost -Dspring.jmx.enabled=true -Dspring.application.admin.enabled=true -XX:TieredStopAtLevel=1 -Dspring.boot.project.name=Brasserie -Dfile.encoding=UTF-8 -XX:+ShowCodeDetailsInExceptionMessages soprajc.Brasserie.BrasserieApplication

Host: Intel(R) Xeon(R) Platinum 8171M CPU @ 2.60GHz, 2 cores, 7G,  Windows 10 , 64 bit Build 19041 (10.0.19041.1566)
Time: Thu Mar 31 16:24:43 2022 Paris, Madrid (heure duild 19041 (10.0.19041.1566) elapsed time: 0.022226 seconds (0d 0h 0m 0s)

---------------  T H R E A D  ---------------

Current thread (0x000001fc675a6910):  JavaThread "Unknown thread" [_thread_in_vm, id=148204, stack(0x0000004b6f400000,0x0000004b6f500000)]

Stack: [0x0000004b6f400000,0x0000004b6f500000]
Native frames: (J=compiled Java code, j=interpreted, Vv=VM code, C=native code)
V  [jvm.dll+0x670baa]
V  [jvm.dll+0x7cfcb4]
V  [jvm.dll+0x7d145e]
V  [jvm.dll+0x7d1ac3]
V  [jvm.dll+0x242bc5]
V  [jvm.dll+0x66dac9]
V  [jvm.dll+0x662412]
V  [jvm.dll+0x300c0b]
V  [jvm.dll+0x3081a6]
V  [jvm.dll+0x357d0e]
V  [jvm.dll+0x357f3f]
V  [jvm.dll+0x2d7ec8]
V  [jvm.dll+0x2d8e34]
V  [jvm.dll+0x7a18c1]
V  [jvm.dll+0x365a91]
V  [jvm.dll+0x780d2c]
V  [jvm.dll+0x3e845f]
V  [jvm.dll+0x3e9f01]
C  [jli.dll+0x527b]
C  [ucrtbase.dll+0x21bb2]
C  [KERNEL32.DLL+0x17034]
C  [ntdll.dll+0x52651]


---------------  P R O C E S S  ---------------

Threads class SMR info:
_java_thread_list=0x00007ffe7c039858, length=0, elements={
}

Java Threads: ( => current thread )

Other Threads:
  0x000001fc675e6bf0 GCTaskThread "GC Thread#0" [stack: 0x0000004b6f500000,0x0000004b6f600000] [id=134692]
  0x000001fc675f91f0 ConcurrentGCThread "G1 Main Marker" [stack: 0x0000004b6f600000,0x0000004b6f700000] [id=142844]
  0x000001fc675f9b10 ConcurrentGCThread "G1 Conc#0" [stack: 0x0000004b6f700000,0x0000004b6f800000] [id=142008]

[error occurred during error reporting (printing all threads), id 0xc0000005, EXCEPTION_ACCESS_VIOLATION (0xc0000005) at pc=0x00007ffe7b8888a7]

VM state: not at safepoint (not fully initialized)

VM Mutex/Monitor currently owned by a thread:  ([mutex/lock_event])
[0x000001fc675a3c80] Heap_lock - owner thread: 0x000001fc675a6910

Heap address: 0x0000000080000000, size: 2048 MB, Compressed Oops mode: 32-bit

CDS archive(s) mapped at: [0x0000000000000000-0x0000000000000000-0x0000000000000000), size 0, SharedBaseAddress: 0x0000000800000000, ArchiveRelocationMode: 0.
Narrow klass base: 0x0000000000000000, Narrow klass shift: 0, Narrow klass range: 0x0

GC Precious Log:
<Empty>

Heap:
 garbage-first heap   total 0K, used 0K [0x0000000080000000, 0x0000000100000000)
  region size 1024K, 0 young (0K), 0 survivors (0K)

[error occurred during error reporting (printing heap information), id 0xc0000005, EXCEPTION_ACCESS_VIOLATION (0xc0000005) at pc=0x00007ffe7bc69f19]

GC Heap History (0 events):
No events

Deoptimization events (0 events):
No events

Classes unloaded (0 events):
No events

Classes redefined (0 events):
No events

Internal exceptions (0 events):
No events

VM Operations (0 events):
No events

Events (1 events):
Event: 0.009 Loaded shared library C:\Program Files\Java\jdk-17.0.2\bin\java.dll


Dynamic libraries:
0x00007ff7ed5d0000 - 0x00007ff7ed5e0000 	C:\Program Files\Java\jdk-17.0.2\bin\javaw.exe
0x00007ffeb78d0000 - 0x00007ffeb7ac5000 	C:\Windows\SYSTEM32\ntdll.dll
0x00007ffeb72f0000 - 0x00007ffeb73ae000 	C:\Windows\System32\KERNEL32.DLL
0x00007ffeb5500000 - 0x00007ffeb57c8000 	C:\Windows\System32\KERNELBASE.dll
0x00007ffeb4ff0000 - 0x00007ffeb50f0000 	C:\Windows\System32\ucrtbase.dll
0x00007ffeadf50000 - 0x00007ffeadf68000 	C:\Program Files\Java\jdk-17.0.2\bin\jli.dll
0x00007ffeb75c0000 - 0x00007ffeb766e000 	C:\Windows\System32\ADVAPI32.dll
0x00007ffeb71f0000 - 0x00007ffeb728e000 	C:\Windows\System32\msvcrt.dll
0x00007ffeb74f0000 - 0x00007ffeb758c000 	C:\Windows\System32\sechost.dll
0x00007ffeb7760000 - 0x00007ffeb7885000 	C:\Windows\System32\RPCRT4.dll
0x00007ffeb6bd0000 - 0x00007ffeb6d70000 	C:\Windows\System32\USER32.dll
0x00007ffeb5140000 - 0x00007ffeb5162000 	C:\Windows\System32\win32u.dll
0x00007ffeb7590000 - 0x00007ffeb75bb000 	C:\Windows\System32\GDI32.dll
0x00007ffea49c0000 - 0x00007ffea49da000 	C:\Program Files\Java\jdk-17.0.2\bin\VCRUNTIME140.dll
0x00007ffeb52d0000 - 0x00007ffeb53db000 	C:\Windows\System32\gdi32full.dll
0x00007ffeb5170000 - 0x00007ffeb520d000 	C:\Windows\System32\msvcp_win.dll
0x00007ffe9bd00000 - 0x00007ffe9bf9a000 	C:\Windows\WinSxS\amd64_microsoft.windows.common-controls_6595b64144ccf1df_6.0.19041.1110_none_60b5254171f9507e\COMCTL32.dll
0x00007ffead6f0000 - 0x00007ffead6fa000 	C:\Windows\SYSTEM32\VERSION.dll
0x00007ffeb5930000 - 0x00007ffeb5960000 	C:\Windows\System32\IMM32.DLL
0x00007ffeb2690000 - 0x00007ffeb269c000 	C:\Program Files\Java\jdk-17.0.2\bin\vcruntime140_1.dll
0x00007ffe99070000 - 0x00007ffe990fd000 	C:\Program Files\Java\jdk-17.0.2\bin\msvcp140.dll
0x00007ffe7b5a0000 - 0x00007ffe7c161000 	C:\Program Files\Java\jdk-17.0.2\bin\server\jvm.dll
0x00007ffeb6040000 - 0x00007ffeb6048000 	C:\Windows\System32\PSAPI.DLL
0x00007ffeb07d0000 - 0x00007ffeb07d9000 	C:\Windows\SYSTEM32\WSOCK32.dll
0x00007ffe94d00000 - 0x00007ffe94d27000 	C:\Windows\SYSTEM32\WINMM.dll
0x00007ffeb7180000 - 0x00007ffeb71eb000 	C:\Windows\System32\WS2_32.dll
0x00007ffeb2f20000 - 0x00007ffeb2f32000 	C:\Windows\SYSTEM32\kernel.appcore.dll
0x00007ffeb07a0000 - 0x00007ffeb07aa000 	C:\Program Files\Java\jdk-17.0.2\bin\jimage.dll
0x00007ffeaf7c0000 - 0x00007ffeaf9a4000 	C:\Windows\SYSTEM32\DBGHELP.DLL
0x00007ffeaf790000 - 0x00007ffeaf7bc000 	C:\Windows\SYSTEM32\dbgcore.DLL
0x00007ffeb5240000 - 0x00007ffeb52c2000 	C:\Windows\System32\bcryptPrimitives.dll
0x00007ffea0540000 - 0x00007ffea0565000 	C:\Program Files\Java\jdk-17.0.2\bin\java.dll

dbghelp: loaded successfully - version: 4.0.5 - missing functions: none
symbol engine: initialized successfully - sym options: 0x614 - pdb path: .;C:\Program Files\Java\jdk-17.0.2\bin;C:\Windows\SYSTEM32;C:\Windows\WinSxS\amd64_microsoft.windows.common-controls_6595b64144ccf1df_6.0.19041.1110_none_60b5254171f9507e;C:\Program Files\Java\jdk-17.0.2\bin\server

VM Arguments:
jvm_args: -Dcom.sun.management.jmxremote -Dcom.sun.management.jmxremote.port=52369 -Dcom.sun.management.jmxremote.authenticate=false -Dcom.sun.management.jmxremote.ssl=false -Djava.rmi.server.hostname=localhost -Dspring.jmx.enabled=true -Dspring.application.admin.enabled=true -XX:TieredStopAtLevel=1 -Dspring.boot.project.name=Brasserie -Dfile.encoding=UTF-8 -XX:+ShowCodeDetailsInExceptionMessages 
java_command: soprajc.Brasserie.BrasserieApplication
java_class_path (initial): C:\Users\ajc\Downloads\Brasserie\target\classes;C:\Users\ajc\.m2\repository\org\springframework\boot\spring-boot-starter-data-jpa\2.6.5\spring-boot-starter-data-jpa-2.6.5.jar;C:\Users\ajc\.m2\repository\org\springframework\boot\spring-boot-starter-aop\2.6.5\spring-boot-starter-aop-2.6.5.jar;C:\Users\ajc\.m2\repository\org\aspectj\aspectjweaver\1.9.7\aspectjweaver-1.9.7.jar;C:\Users\ajc\.m2\repository\org\springframework\boot\spring-boot-starter-jdbc\2.6.5\spring-boot-starter-jdbc-2.6.5.jar;C:\Users\ajc\.m2\repository\com\zaxxer\HikariCP\4.0.3\HikariCP-4.0.3.jar;C:\Users\ajc\.m2\repository\org\springframework\spring-jdbc\5.3.17\spring-jdbc-5.3.17.jar;C:\Users\ajc\.m2\repository\jakarta\transaction\jakarta.transaction-api\1.3.3\jakarta.transaction-api-1.3.3.jar;C:\Users\ajc\.m2\repository\jakarta\persistence\jakarta.persistence-api\2.2.3\jakarta.persistence-api-2.2.3.jar;C:\Users\ajc\.m2\repository\org\hibernate\hibernate-core\5.6.7.Final\hibernate-core-5.6.7.Final.jar;C:\Users\ajc\.m2\repository\org\jboss\logging\jboss-logging\3.4.3.Final\jboss-logging-3.4.3.Final.jar;C:\Users\ajc\.m2\repository\net\bytebuddy\byte-buddy\1.11.22\byte-buddy-1.11.22.jar;C:\Users\ajc\.m2\repository\antlr\antlr\2.7.7\antlr-2.7.7.jar;C:\Users\ajc\.m2\repository\org\jboss\jandex\2.4.2.Final\jandex-2.4.2.Final.jar;C:\Users\ajc\.m2\repository\com\fasterxml\classmate\1.5.1\classmate-1.5.1.jar;C:\Users\ajc\.m2\repository\org\hibernate\common\hibernate-commons-annotations\5.1.2.Final\hibernate-commons-annotations-5.1.2.Final.jar;C:\Users\ajc\.m2\repository\org\glassfish\jaxb\jaxb-runtime\2.3.6\jaxb-runtime-2.3.6.jar;C:\Users\ajc\.m2\repository\org\glassfish\jaxb\txw2\2.3.6\txw2-2.3.6.jar;C:\Users\ajc\.m2\repository\com\sun\istack\istack-commons-runtime\3.0.12\istack-commons-runtime-3.0.12.jar;C:\Users\ajc\.m2\repository\com\sun\activation\jakarta.activation\1.2.2\jakarta.activation-1.2.2.jar;C:\Users\ajc\.m2\repository\org\springframework\data\spring-data-jpa\2.6.3\s
Launcher Type: SUN_STANDARD

[Global flags]
     intx CICompilerCount                          = 2                                         {product} {ergonomic}
     uint ConcGCThreads                            = 1                                         {product} {ergonomic}
     uint G1ConcRefinementThreads                  = 2                                         {product} {ergonomic}
   size_t G1HeapRegionSize                         = 1048576                                   {product} {ergonomic}
    uintx GCDrainStackTargetSize                   = 64                                        {product} {ergonomic}
   size_t InitialHeapSize                          = 134217728                                 {product} {ergonomic}
     bool ManagementServer                         = true                                      {product} {command line}
   size_t MarkStackSize                            = 4194304                                   {product} {ergonomic}
   size_t MaxHeapSize                              = 2147483648                                {product} {ergonomic}
   size_t MinHeapDeltaBytes                        = 1048576                                   {product} {ergonomic}
   size_t MinHeapSize                              = 8388608                                   {product} {ergonomic}
    uintx NonProfiledCodeHeapSize                  = 0                                      {pd product} {ergonomic}
     bool ProfileInterpreter                       = false                                  {pd product} {command line}
    uintx ProfiledCodeHeapSize                     = 0                                      {pd product} {ergonomic}
     bool ShowCodeDetailsInExceptionMessages       = true                                   {manageable} {command line}
   size_t SoftMaxHeapSize                          = 2147483648                             {manageable} {ergonomic}
     intx TieredStopAtLevel                        = 1                                         {product} {command line}
     bool UseCompressedClassPointers               = true                           {product lp64_product} {ergonomic}
     bool UseCompressedOops                        = true                           {product lp64_product} {ergonomic}
     bool UseG1GC                                  = true                                      {product} {ergonomic}
     bool UseLargePagesIndividualAllocation        = false                                  {pd product} {ergonomic}

Logging:
Log output configuration:
 #0: stdout all=warning uptime,level,tags
 #1: stderr all=off uptime,level,tags

Environment Variables:
PATH=C:\Program Files\Common Files\Oracle\Java\javapath;C:\Windows\system32;C:\Windows;C:\Windows\System32\Wbem;C:\Windows\System32\WindowsPowerShell\v1.0\;C:\Windows\System32\OpenSSH\;C:\Users\ajc\AppData\Local\Microsoft\WindowsApps;C:\Users\ajc\AppData\Local\gitkraken\bin
USERNAME=ajc
OS=Windows_NT
PROCESSOR_IDENTIFIER=Intel64 Family 6 Model 85 Stepping 4, GenuineIntel



---------------  S Y S T E M  ---------------

OS:
 Windows 10 , 64 bit Build 19041 (10.0.19041.1566)
OS uptime: 22 days 11:41 hours
Hyper-V virtualization detected

CPU: total 2 (initial active 2) (1 cores per cpu, 2 threads per core) family 6 model 85 stepping 4 microcode 0xffffffff, cx8, cmov, fxsr, ht, mmx, 3dnowpref, sse, sse2, sse3, ssse3, sse4.1, sse4.2, popcnt, lzcnt, tsc, avx, avx2, aes, erms, clmul, bmi1, bmi2, rtm, adx, fma, vzeroupper, clflush, clflushopt, hv

Memory: 4k page, system-wide physical 8191M (2128M free)
TotalPageFile size 10239M (AvailPageFile size 115M)
current process WorkingSet (physical memory assigned to process): 10M, peak: 10M
current process commit charge ("private bytes"): 42M, peak: 170M

vm_info: Java HotSpot(TM) 64-Bit Server VM (17.0.2+8-LTS-86) for windows-amd64 JRE (17.0.2+8-LTS-86), built on Dec  7 2021 21:51:03 by "mach5one" with MS VC++ 16.8 / 16.9 (VS2019)

END.
